==============
out put of backup script
Wed Nov 7 08:01:01 IST 2018
==============
Permission denied, please try again.
Permission denied, please try again.
Permission denied (publickey,password).
mount: /dev/sdb2 is already mounted or /media/root/sdb2 busy
       /dev/sdb2 is already mounted on /media/root/sdb2
Permission denied, please try again.
Permission denied, please try again.
Permission denied (publickey,password).
Permission denied, please try again.
Permission denied, please try again.
Permission denied (publickey,password).
lost connection
Permission denied, please try again.
Permission denied, please try again.
Permission denied (publickey,password).
Permission denied, please try again.
Permission denied, please try again.
Permission denied (publickey,password).
lost connection
Permission denied, please try again.
Permission denied, please try again.
Permission denied (publickey,password).
Permission denied, please try again.
Permission denied, please try again.
Permission denied (publickey,password).
Permission denied, please try again.
Permission denied, please try again.
Permission denied (publickey,password).
Permission denied, please try again.
Permission denied, please try again.
Permission denied (publickey,password).
Permission denied, please try again.
Permission denied, please try again.
Permission denied (publickey,password).
Permission denied, please try again.
Permission denied, please try again.
Permission denied (publickey,password).
Permission denied, please try again.
Permission denied, please try again.
Permission denied (publickey,password).
Permission denied, please try again.
Permission denied, please try again.
Permission denied (publickey,password).
lost connection
Permission denied, please try again.
Permission denied, please try again.
Permission denied (publickey,password).
Permission denied, please try again.
Permission denied, please try again.
Permission denied (publickey,password).
lost connection
Permission denied, please try again.
Permission denied, please try again.
Permission denied (publickey,password).
lost connection
Permission denied, please try again.
Permission denied, please try again.
Permission denied (publickey,password).
lost connection
Permission denied, please try again.
Permission denied, please try again.
Permission denied (publickey,password).
Permission denied, please try again.
Permission denied, please try again.
Permission denied (publickey,password).
lost connection
Permission denied, please try again.
Permission denied, please try again.
Permission denied (publickey,password).
lost connection
Permission denied, please try again.
Permission denied, please try again.
Permission denied (publickey,password).
Permission denied, please try again.
Permission denied, please try again.
Permission denied (publickey,password).
lost connection
